<?xml version="1.0" encoding="UTF-8"?>
<!-- Generated by org.testng.reporters.JUnitReportReporter -->
<testsuite skipped="0" hostname="LAPTOP-A8332NNU" name="com.Mav.MAA.MavenScripts" tests="1" failures="0" timestamp="27 Jul 2018 16:58:33 GMT" time="39.719" errors="0">
  <testcase name="setupt" time="39.719" classname="com.Mav.MAA.MavenScripts"/>
</testsuite> <!-- com.Mav.MAA.MavenScripts -->
