<?xml version="1.0" encoding="UTF-8"?>
<!-- Generated by org.testng.reporters.JUnitReportReporter -->
<testsuite skipped="0" hostname="LAPTOP-A8332NNU" name="com.Mav.MAA.MavenScripts" tests="1" failures="0" timestamp="02 Oct 2018 04:58:07 GMT" time="55.622" errors="0">
  <testcase name="setupt" time="55.622" classname="com.Mav.MAA.MavenScripts"/>
</testsuite> <!-- com.Mav.MAA.MavenScripts -->
