<?xml version="1.0" encoding="UTF-8"?>
<!-- Generated by org.testng.reporters.JUnitReportReporter -->
<testsuite skipped="0" hostname="LAPTOP-A8332NNU" name="com.Mav.MAA.MavenScripts" tests="1" failures="0" timestamp="15 Jul 2018 18:20:12 GMT" time="48.410" errors="0">
  <testcase name="setupt" time="48.410" classname="com.Mav.MAA.MavenScripts"/>
</testsuite> <!-- com.Mav.MAA.MavenScripts -->
