<?xml version="1.0" encoding="UTF-8"?>
<!-- Generated by org.testng.reporters.JUnitReportReporter -->
<testsuite skipped="0" hostname="LAPTOP-A8332NNU" name="com.Mav.MAA.MavenScripts" tests="1" failures="0" timestamp="13 Jul 2018 17:12:58 GMT" time="37.999" errors="0">
  <testcase name="setupt" time="37.999" classname="com.Mav.MAA.MavenScripts"/>
</testsuite> <!-- com.Mav.MAA.MavenScripts -->
