<?xml version="1.0" encoding="UTF-8"?>
<!-- Generated by org.testng.reporters.JUnitReportReporter -->
<testsuite skipped="0" hostname="LAPTOP-A8332NNU" name="com.Mav.MAA.MavenScripts" tests="1" failures="0" timestamp="18 Jul 2018 16:30:43 GMT" time="39.461" errors="0">
  <testcase name="setupt" time="39.461" classname="com.Mav.MAA.MavenScripts"/>
</testsuite> <!-- com.Mav.MAA.MavenScripts -->
